<?xml version="1.0" encoding="UTF-8"?>
<!-- Generated by org.testng.reporters.JUnitXMLReporter -->
<testsuite hostname="HCPLH1216LP1539" ignored="0" name="Test" tests="1" failures="0" timestamp="05 Nov 2018 11:09:27 GMT" time="0.054" errors="0">
  <testcase name="@BeforeMethod setup" time="0.023" classname="testcases.LoginPageTest">
    <failure type="java.lang.NoClassDefFoundError" message="com/google/common/collect/ImmutableMap">
      <![CDATA[java.lang.NoClassDefFoundError: com/google/common/collect/ImmutableMap
at org.openqa.selenium.remote.service.DriverService$Builder.<init>(DriverService.java:249)
at org.openqa.selenium.chrome.ChromeDriverService$Builder.<init>(ChromeDriverService.java:96)
at org.openqa.selenium.chrome.ChromeDriverService.createDefaultService(ChromeDriverService.java:89)
at org.openqa.selenium.chrome.ChromeDriver.<init>(ChromeDriver.java:123)
at testcases.LoginPageTest.setup(LoginPageTest.java:28)
Caused by: java.lang.ClassNotFoundException: com.google.common.collect.ImmutableMap
at java.net.URLClassLoader.findClass(Unknown Source)
at java.lang.ClassLoader.loadClass(Unknown Source)
at sun.misc.Launcher$AppClassLoader.loadClass(Unknown Source)
at java.lang.ClassLoader.loadClass(Unknown Source)
... 33 more
... Removed 28 stack frames]]>
    </failure>
  </testcase> <!-- @BeforeMethod setup -->
  <testcase name="@AfterMethod endtest" time="0.0" classname="testcases.LoginPageTest">
    <skipped/>
  </testcase> <!-- @AfterMethod endtest -->
  <testcase name="loginJinzai" time="0.0" classname="testcases.LoginPageTest">
    <skipped/>
  </testcase> <!-- loginJinzai -->
</testsuite> <!-- Test -->
